
[01-Apr-2026:15:33:00 +0200]
URL: http://localhost:8000/api/team
Method: GET
Status: 500
Error: INTERNAL_SERVER_ERROR
Message: {"error":null}
-----------------------------

[01-Apr-2026:15:33:00 +0200]
URL: http://localhost:8000/api/team
Method: GET
Status: 500
Error: INTERNAL_SERVER_ERROR
Message: {"error":null}
-----------------------------

[01-Apr-2026:15:33:06 +0200]
URL: http://localhost:8000/api/team?lang=nl
Method: GET
Status: 500
Error: INTERNAL_SERVER_ERROR
Message: {"error":null}
-----------------------------

[01-Apr-2026:15:33:30 +0200]
URL: http://localhost:8000/api/team
Method: GET
Status: 500
Error: INTERNAL_SERVER_ERROR
Message: {"error":null}
-----------------------------

[01-Apr-2026:15:33:30 +0200]
URL: http://localhost:8000/api/team
Method: GET
Status: 500
Error: INTERNAL_SERVER_ERROR
Message: {"error":null}
-----------------------------

[01-Apr-2026:15:34:00 +0200]
URL: http://localhost:8000/api/team
Method: GET
Status: 500
Error: INTERNAL_SERVER_ERROR
Message: {"error":null}
-----------------------------

[01-Apr-2026:15:34:00 +0200]
URL: http://localhost:8000/api/team
Method: GET
Status: 500
Error: INTERNAL_SERVER_ERROR
Message: {"error":null}
-----------------------------

[01-Apr-2026:15:34:30 +0200]
URL: http://localhost:8000/api/team
Method: GET
Status: 500
Error: INTERNAL_SERVER_ERROR
Message: {"error":null}
-----------------------------

[01-Apr-2026:15:34:30 +0200]
URL: http://localhost:8000/api/team
Method: GET
Status: 500
Error: INTERNAL_SERVER_ERROR
Message: {"error":null}
-----------------------------

[01-Apr-2026:15:35:00 +0200]
URL: http://localhost:8000/api/team
Method: GET
Status: 500
Error: INTERNAL_SERVER_ERROR
Message: {"error":null}
-----------------------------

[01-Apr-2026:15:35:00 +0200]
URL: http://localhost:8000/api/team
Method: GET
Status: 500
Error: INTERNAL_SERVER_ERROR
Message: {"error":null}
-----------------------------

[01-Apr-2026:15:35:30 +0200]
URL: http://localhost:8000/api/team
Method: GET
Status: 500
Error: INTERNAL_SERVER_ERROR
Message: {"error":null}
-----------------------------

[01-Apr-2026:15:35:30 +0200]
URL: http://localhost:8000/api/team
Method: GET
Status: 500
Error: INTERNAL_SERVER_ERROR
Message: {"error":null}
-----------------------------

[01-Apr-2026:15:36:00 +0200]
URL: http://localhost:8000/api/team
Method: GET
Status: 500
Error: INTERNAL_SERVER_ERROR
Message: {"error":null}
-----------------------------

[01-Apr-2026:15:36:00 +0200]
URL: http://localhost:8000/api/team
Method: GET
Status: 500
Error: INTERNAL_SERVER_ERROR
Message: {"error":null}
-----------------------------

[01-Apr-2026:15:36:15 +0200]
URL: http://localhost:8000/api/team
Method: GET
Status: 500
Error: INTERNAL_SERVER_ERROR
Message: Cannot read properties of null (reading 'message')
-----------------------------

[01-Apr-2026:15:36:15 +0200]
URL: http://localhost:8000/api/team
Method: GET
Status: 500
Error: INTERNAL_SERVER_ERROR
Message: Cannot read properties of null (reading 'message')
-----------------------------

[01-Apr-2026:15:36:15 +0200]
URL: http://localhost:8000/api/team
Method: GET
Status: 500
Error: INTERNAL_SERVER_ERROR
Message: Cannot read properties of null (reading 'message')
-----------------------------

[01-Apr-2026:15:36:16 +0200]
URL: http://localhost:8000/api/team?lang=nl
Method: GET
Status: 500
Error: INTERNAL_SERVER_ERROR
Message: Cannot read properties of null (reading 'message')
-----------------------------

[01-Apr-2026:15:36:16 +0200]
URL: http://localhost:8000/api/team?lang=nl
Method: GET
Status: 500
Error: INTERNAL_SERVER_ERROR
Message: Cannot read properties of null (reading 'message')
-----------------------------

[01-Apr-2026:15:36:16 +0200]
URL: http://localhost:8000/api/team?lang=nl
Method: GET
Status: 500
Error: INTERNAL_SERVER_ERROR
Message: Cannot read properties of null (reading 'message')
-----------------------------

[01-Apr-2026:15:36:45 +0200]
URL: http://localhost:8000/api/team
Method: GET
Status: 500
Error: INTERNAL_SERVER_ERROR
Message: Cannot read properties of null (reading 'message')
-----------------------------

[01-Apr-2026:15:36:45 +0200]
URL: http://localhost:8000/api/team
Method: GET
Status: 500
Error: INTERNAL_SERVER_ERROR
Message: Cannot read properties of null (reading 'message')
-----------------------------

[01-Apr-2026:15:37:14 +0200]
URL: http://localhost:8000/api/team
Method: GET
Status: 500
Error: INTERNAL_SERVER_ERROR
Message: Cannot read properties of null (reading 'message')
-----------------------------

[01-Apr-2026:15:37:14 +0200]
URL: http://localhost:8000/api/team
Method: GET
Status: 500
Error: INTERNAL_SERVER_ERROR
Message: Cannot read properties of null (reading 'message')
-----------------------------

[01-Apr-2026:15:37:44 +0200]
URL: http://localhost:8000/api/team
Method: GET
Status: 500
Error: INTERNAL_SERVER_ERROR
Message: Cannot read properties of null (reading 'message')
-----------------------------

[01-Apr-2026:15:37:45 +0200]
URL: http://localhost:8000/api/team
Method: GET
Status: 500
Error: INTERNAL_SERVER_ERROR
Message: Cannot read properties of null (reading 'message')
-----------------------------

[01-Apr-2026:15:37:58 +0200]
URL: http://localhost:8000/api/team
Method: GET
Status: 500
Error: INTERNAL_SERVER_ERROR
Message: {"error":null}
-----------------------------

[01-Apr-2026:15:37:59 +0200]
URL: http://localhost:8000/api/team
Method: GET
Status: 500
Error: INTERNAL_SERVER_ERROR
Message: {"error":null}
-----------------------------

[01-Apr-2026:15:37:59 +0200]
URL: http://localhost:8000/api/team
Method: GET
Status: 500
Error: INTERNAL_SERVER_ERROR
Message: {"error":null}
-----------------------------

[01-Apr-2026:15:37:59 +0200]
URL: http://localhost:8000/api/team?lang=nl
Method: GET
Status: 500
Error: INTERNAL_SERVER_ERROR
Message: {"error":null}
-----------------------------

[01-Apr-2026:15:38:00 +0200]
URL: http://localhost:8000/api/team?lang=nl
Method: GET
Status: 500
Error: INTERNAL_SERVER_ERROR
Message: {"error":null}
-----------------------------

[01-Apr-2026:15:38:00 +0200]
URL: http://localhost:8000/api/team?lang=nl
Method: GET
Status: 500
Error: INTERNAL_SERVER_ERROR
Message: {"error":null}
-----------------------------

[01-Apr-2026:15:38:14 +0200]
URL: http://localhost:8000/api/team
Method: GET
Status: 500
Error: INTERNAL_SERVER_ERROR
Message: {"error":null}
-----------------------------

[01-Apr-2026:15:38:14 +0200]
URL: http://localhost:8000/api/team
Method: GET
Status: 500
Error: INTERNAL_SERVER_ERROR
Message: {"error":null}
-----------------------------

[01-Apr-2026:15:38:15 +0200]
URL: http://localhost:8000/api/team
Method: GET
Status: 500
Error: INTERNAL_SERVER_ERROR
Message: {"error":null}
-----------------------------

[01-Apr-2026:15:38:15 +0200]
URL: http://localhost:8000/api/team?lang=nl
Method: GET
Status: 500
Error: INTERNAL_SERVER_ERROR
Message: {"error":null}
-----------------------------

[01-Apr-2026:15:38:15 +0200]
URL: http://localhost:8000/api/team?lang=nl
Method: GET
Status: 500
Error: INTERNAL_SERVER_ERROR
Message: {"error":null}
-----------------------------

[01-Apr-2026:15:38:16 +0200]
URL: http://localhost:8000/api/team?lang=nl
Method: GET
Status: 500
Error: INTERNAL_SERVER_ERROR
Message: {"error":null}
-----------------------------

[01-Apr-2026:15:38:28 +0200]
URL: http://localhost:8000/api/team
Method: GET
Status: 500
Error: INTERNAL_SERVER_ERROR
Message: {"error":null}
-----------------------------

[01-Apr-2026:15:38:28 +0200]
URL: http://localhost:8000/api/team
Method: GET
Status: 500
Error: INTERNAL_SERVER_ERROR
Message: {"error":null}
-----------------------------

[01-Apr-2026:15:38:29 +0200]
URL: http://localhost:8000/api/team
Method: GET
Status: 500
Error: INTERNAL_SERVER_ERROR
Message: {"error":null}
-----------------------------

[01-Apr-2026:15:38:29 +0200]
URL: http://localhost:8000/api/team?lang=nl
Method: GET
Status: 500
Error: INTERNAL_SERVER_ERROR
Message: {"error":null}
-----------------------------

[01-Apr-2026:15:38:29 +0200]
URL: http://localhost:8000/api/team?lang=nl
Method: GET
Status: 500
Error: INTERNAL_SERVER_ERROR
Message: {"error":null}
-----------------------------

[01-Apr-2026:15:38:30 +0200]
URL: http://localhost:8000/api/team?lang=nl
Method: GET
Status: 500
Error: INTERNAL_SERVER_ERROR
Message: {"error":null}
-----------------------------

[01-Apr-2026:15:38:44 +0200]
URL: http://localhost:8000/api/team
Method: GET
Status: 500
Error: INTERNAL_SERVER_ERROR
Message: {"error":null}
-----------------------------

[01-Apr-2026:15:38:44 +0200]
URL: http://localhost:8000/api/team
Method: GET
Status: 500
Error: INTERNAL_SERVER_ERROR
Message: {"error":null}
-----------------------------

[01-Apr-2026:15:38:44 +0200]
URL: http://localhost:8000/api/team
Method: GET
Status: 500
Error: INTERNAL_SERVER_ERROR
Message: {"error":null}
-----------------------------

[01-Apr-2026:15:38:44 +0200]
URL: http://localhost:8000/api/team?lang=nl
Method: GET
Status: 500
Error: INTERNAL_SERVER_ERROR
Message: {"error":null}
-----------------------------

[01-Apr-2026:15:38:44 +0200]
URL: http://localhost:8000/api/team?lang=nl
Method: GET
Status: 500
Error: INTERNAL_SERVER_ERROR
Message: {"error":null}
-----------------------------

[01-Apr-2026:15:38:45 +0200]
URL: http://localhost:8000/api/team?lang=nl
Method: GET
Status: 500
Error: INTERNAL_SERVER_ERROR
Message: {"error":null}
-----------------------------

[01-Apr-2026:15:38:55 +0200]
URL: http://localhost:8000/api/team
Method: GET
Status: 500
Error: INTERNAL_SERVER_ERROR
Message: {"error":null}
-----------------------------

[01-Apr-2026:15:38:56 +0200]
URL: http://localhost:8000/api/team
Method: GET
Status: 500
Error: INTERNAL_SERVER_ERROR
Message: {"error":null}
-----------------------------

[01-Apr-2026:15:38:56 +0200]
URL: http://localhost:8000/api/team
Method: GET
Status: 500
Error: INTERNAL_SERVER_ERROR
Message: {"error":null}
-----------------------------

[01-Apr-2026:15:38:56 +0200]
URL: http://localhost:8000/api/team?lang=nl
Method: GET
Status: 500
Error: INTERNAL_SERVER_ERROR
Message: {"error":null}
-----------------------------

[01-Apr-2026:15:38:56 +0200]
URL: http://localhost:8000/api/team?lang=nl
Method: GET
Status: 500
Error: INTERNAL_SERVER_ERROR
Message: {"error":null}
-----------------------------

[01-Apr-2026:15:38:57 +0200]
URL: http://localhost:8000/api/team?lang=nl
Method: GET
Status: 500
Error: INTERNAL_SERVER_ERROR
Message: {"error":null}
-----------------------------

[01-Apr-2026:15:39:25 +0200]
URL: http://localhost:8000/api/team
Method: GET
Status: 500
Error: INTERNAL_SERVER_ERROR
Message: {"error":null}
-----------------------------

[01-Apr-2026:15:39:25 +0200]
URL: http://localhost:8000/api/team
Method: GET
Status: 500
Error: INTERNAL_SERVER_ERROR
Message: {"error":null}
-----------------------------

[01-Apr-2026:15:39:55 +0200]
URL: http://localhost:8000/api/team
Method: GET
Status: 500
Error: INTERNAL_SERVER_ERROR
Message: {"error":null}
-----------------------------

[01-Apr-2026:15:39:55 +0200]
URL: http://localhost:8000/api/team
Method: GET
Status: 500
Error: INTERNAL_SERVER_ERROR
Message: {"error":null}
-----------------------------

[01-Apr-2026:15:40:25 +0200]
URL: http://localhost:8000/api/team
Method: GET
Status: 500
Error: INTERNAL_SERVER_ERROR
Message: {"error":null}
-----------------------------

[01-Apr-2026:15:40:25 +0200]
URL: http://localhost:8000/api/team
Method: GET
Status: 500
Error: INTERNAL_SERVER_ERROR
Message: {"error":null}
-----------------------------

[01-Apr-2026:15:40:55 +0200]
URL: http://localhost:8000/api/team
Method: GET
Status: 500
Error: INTERNAL_SERVER_ERROR
Message: {"error":null}
-----------------------------

[01-Apr-2026:15:40:55 +0200]
URL: http://localhost:8000/api/team
Method: GET
Status: 500
Error: INTERNAL_SERVER_ERROR
Message: {"error":null}
-----------------------------

[01-Apr-2026:15:41:05 +0200]
URL: http://localhost:8000/api/team
Method: GET
Status: 500
Error: INTERNAL_SERVER_ERROR
Message: {"error":null}
-----------------------------

[01-Apr-2026:15:41:05 +0200]
URL: http://localhost:8000/api/team
Method: GET
Status: 500
Error: INTERNAL_SERVER_ERROR
Message: {"error":null}
-----------------------------

[01-Apr-2026:15:41:06 +0200]
URL: http://localhost:8000/api/team
Method: GET
Status: 500
Error: INTERNAL_SERVER_ERROR
Message: {"error":null}
-----------------------------

[01-Apr-2026:15:41:06 +0200]
URL: http://localhost:8000/api/team?lang=nl
Method: GET
Status: 500
Error: INTERNAL_SERVER_ERROR
Message: {"error":null}
-----------------------------

[01-Apr-2026:15:41:06 +0200]
URL: http://localhost:8000/api/team?lang=nl
Method: GET
Status: 500
Error: INTERNAL_SERVER_ERROR
Message: {"error":null}
-----------------------------

[01-Apr-2026:15:41:07 +0200]
URL: http://localhost:8000/api/team?lang=nl
Method: GET
Status: 500
Error: INTERNAL_SERVER_ERROR
Message: {"error":null}
-----------------------------

[01-Apr-2026:15:41:35 +0200]
URL: http://localhost:8000/api/team
Method: GET
Status: 500
Error: INTERNAL_SERVER_ERROR
Message: {"error":null}
-----------------------------

[01-Apr-2026:15:41:35 +0200]
URL: http://localhost:8000/api/team
Method: GET
Status: 500
Error: INTERNAL_SERVER_ERROR
Message: {"error":null}
-----------------------------

[01-Apr-2026:15:42:05 +0200]
URL: http://localhost:8000/api/team
Method: GET
Status: 500
Error: INTERNAL_SERVER_ERROR
Message: {"error":null}
-----------------------------

[01-Apr-2026:15:42:05 +0200]
URL: http://localhost:8000/api/team
Method: GET
Status: 500
Error: INTERNAL_SERVER_ERROR
Message: {"error":null}
-----------------------------

[01-Apr-2026:15:42:35 +0200]
URL: http://localhost:8000/api/team
Method: GET
Status: 500
Error: INTERNAL_SERVER_ERROR
Message: {"error":null}
-----------------------------

[01-Apr-2026:15:42:35 +0200]
URL: http://localhost:8000/api/team
Method: GET
Status: 500
Error: INTERNAL_SERVER_ERROR
Message: {"error":null}
-----------------------------

[01-Apr-2026:15:43:05 +0200]
URL: http://localhost:8000/api/team
Method: GET
Status: 500
Error: INTERNAL_SERVER_ERROR
Message: {"error":null}
-----------------------------

[01-Apr-2026:15:43:05 +0200]
URL: http://localhost:8000/api/team
Method: GET
Status: 500
Error: INTERNAL_SERVER_ERROR
Message: {"error":null}
-----------------------------

[01-Apr-2026:15:43:35 +0200]
URL: http://localhost:8000/api/team
Method: GET
Status: 500
Error: INTERNAL_SERVER_ERROR
Message: {"error":null}
-----------------------------

[01-Apr-2026:15:43:35 +0200]
URL: http://localhost:8000/api/team
Method: GET
Status: 500
Error: INTERNAL_SERVER_ERROR
Message: {"error":null}
-----------------------------

[01-Apr-2026:15:43:41 +0200]
URL: http://localhost:8000/api/team
Method: GET
Status: 500
Error: INTERNAL_SERVER_ERROR
Message: null
-----------------------------

[01-Apr-2026:15:43:42 +0200]
URL: http://localhost:8000/api/team
Method: GET
Status: 500
Error: INTERNAL_SERVER_ERROR
Message: null
-----------------------------

[01-Apr-2026:15:43:42 +0200]
URL: http://localhost:8000/api/team
Method: GET
Status: 500
Error: INTERNAL_SERVER_ERROR
Message: null
-----------------------------

[01-Apr-2026:15:43:43 +0200]
URL: http://localhost:8000/api/team?lang=nl
Method: GET
Status: 500
Error: INTERNAL_SERVER_ERROR
Message: null
-----------------------------

[01-Apr-2026:15:43:43 +0200]
URL: http://localhost:8000/api/team?lang=nl
Method: GET
Status: 500
Error: INTERNAL_SERVER_ERROR
Message: null
-----------------------------

[01-Apr-2026:15:43:43 +0200]
URL: http://localhost:8000/api/team?lang=nl
Method: GET
Status: 500
Error: INTERNAL_SERVER_ERROR
Message: null
-----------------------------

[01-Apr-2026:15:44:11 +0200]
URL: http://localhost:8000/api/team
Method: GET
Status: 500
Error: INTERNAL_SERVER_ERROR
Message: null
-----------------------------

[01-Apr-2026:15:44:11 +0200]
URL: http://localhost:8000/api/team
Method: GET
Status: 500
Error: INTERNAL_SERVER_ERROR
Message: null
-----------------------------

[01-Apr-2026:15:44:14 +0200]
URL: http://localhost:8000/api/team?lang=nl
Method: GET
Status: 500
Error: INTERNAL_SERVER_ERROR
Message: null
-----------------------------

[01-Apr-2026:15:44:41 +0200]
URL: http://localhost:8000/api/team
Method: GET
Status: 500
Error: INTERNAL_SERVER_ERROR
Message: null
-----------------------------

[01-Apr-2026:15:44:41 +0200]
URL: http://localhost:8000/api/team
Method: GET
Status: 500
Error: INTERNAL_SERVER_ERROR
Message: null
-----------------------------

[01-Apr-2026:15:44:54 +0200]
URL: http://localhost:8000/api/team
Method: GET
Status: 500
Error: INTERNAL_SERVER_ERROR
Message: Failed to fetch team
-----------------------------

[01-Apr-2026:15:44:54 +0200]
URL: http://localhost:8000/api/team
Method: GET
Status: 500
Error: INTERNAL_SERVER_ERROR
Message: Failed to fetch team
-----------------------------

[01-Apr-2026:15:44:54 +0200]
URL: http://localhost:8000/api/team
Method: GET
Status: 500
Error: INTERNAL_SERVER_ERROR
Message: Failed to fetch team
-----------------------------

[01-Apr-2026:15:44:55 +0200]
URL: http://localhost:8000/api/team?lang=nl
Method: GET
Status: 500
Error: INTERNAL_SERVER_ERROR
Message: Team ophalen mislukt
-----------------------------

[01-Apr-2026:15:44:55 +0200]
URL: http://localhost:8000/api/team?lang=nl
Method: GET
Status: 500
Error: INTERNAL_SERVER_ERROR
Message: Team ophalen mislukt
-----------------------------

[01-Apr-2026:15:44:55 +0200]
URL: http://localhost:8000/api/team?lang=nl
Method: GET
Status: 500
Error: INTERNAL_SERVER_ERROR
Message: Team ophalen mislukt
-----------------------------

[01-Apr-2026:15:45:25 +0200]
URL: http://localhost:8000/api/team
Method: GET
Status: 500
Error: INTERNAL_SERVER_ERROR
Message: Failed to fetch team
-----------------------------

[01-Apr-2026:15:45:25 +0200]
URL: http://localhost:8000/api/team
Method: GET
Status: 500
Error: INTERNAL_SERVER_ERROR
Message: Failed to fetch team
-----------------------------

[01-Apr-2026:15:45:48 +0200]
URL: http://localhost:8000/api/team
Method: GET
Status: 500
Error: INTERNAL_SERVER_ERROR
Message: {"error":null,"serverError":null}
-----------------------------

[01-Apr-2026:15:45:49 +0200]
URL: http://localhost:8000/api/team
Method: GET
Status: 500
Error: INTERNAL_SERVER_ERROR
Message: {"error":null,"serverError":null}
-----------------------------

[01-Apr-2026:15:45:49 +0200]
URL: http://localhost:8000/api/team
Method: GET
Status: 500
Error: INTERNAL_SERVER_ERROR
Message: {"error":null,"serverError":null}
-----------------------------

[01-Apr-2026:15:45:49 +0200]
URL: http://localhost:8000/api/team?lang=nl
Method: GET
Status: 500
Error: INTERNAL_SERVER_ERROR
Message: {"error":null,"serverError":null}
-----------------------------

[01-Apr-2026:15:45:49 +0200]
URL: http://localhost:8000/api/team?lang=nl
Method: GET
Status: 500
Error: INTERNAL_SERVER_ERROR
Message: {"error":null,"serverError":null}
-----------------------------

[01-Apr-2026:15:45:50 +0200]
URL: http://localhost:8000/api/team?lang=nl
Method: GET
Status: 500
Error: INTERNAL_SERVER_ERROR
Message: {"error":null,"serverError":null}
-----------------------------

[01-Apr-2026:15:46:18 +0200]
URL: http://localhost:8000/api/team
Method: GET
Status: 500
Error: INTERNAL_SERVER_ERROR
Message: {"error":null,"serverError":null}
-----------------------------

[01-Apr-2026:15:46:18 +0200]
URL: http://localhost:8000/api/team
Method: GET
Status: 500
Error: INTERNAL_SERVER_ERROR
Message: {"error":null,"serverError":null}
-----------------------------

[03-Apr-2026:13:10:51 +0200]
URL: http://localhost:8000/api/jobs?lang=nl
Method: POST
Status: 400
Error: BAD_REQUEST
Message: SteamID is verplicht
-----------------------------

[03-Apr-2026:13:10:51 +0200]
URL: http://localhost:8000/api/jobs?lang=nl
Method: POST
Status: 400
Error: BAD_REQUEST
Message: SteamID is verplicht
-----------------------------

[03-Apr-2026:13:10:51 +0200]
URL: http://localhost:8000/api/jobs?lang=nl
Method: POST
Status: 400
Error: BAD_REQUEST
Message: SteamID is verplicht
-----------------------------

[08-Apr-2026:14:27:21 +0200]
URL: http://localhost:8000/api/events?lang=nl
Method: GET
Status: 200
Error: Error
Message: Het ophalen van evenementen is mislukt.
-----------------------------

[08-Apr-2026:14:27:21 +0200]
URL: http://localhost:8000/api/events?lang=nl
Method: GET
Status: 200
Error: Error
Message: Het ophalen van evenementen is mislukt.
-----------------------------

[08-Apr-2026:14:27:25 +0200]
URL: http://localhost:8000/api/events?lang=nl
Method: GET
Status: 200
Error: Error
Message: Het ophalen van evenementen is mislukt.
-----------------------------

[08-Apr-2026:14:27:26 +0200]
URL: http://localhost:8000/api/events?lang=nl
Method: GET
Status: 200
Error: Error
Message: Het ophalen van evenementen is mislukt.
-----------------------------

[08-Apr-2026:14:27:34 +0200]
URL: http://localhost:8000/api/events?lang=nl
Method: GET
Status: 200
Error: Error
Message: Het ophalen van evenementen is mislukt.
-----------------------------

[08-Apr-2026:14:27:35 +0200]
URL: http://localhost:8000/api/events?lang=nl
Method: GET
Status: 200
Error: Error
Message: Het ophalen van evenementen is mislukt.
-----------------------------

[08-Apr-2026:14:27:42 +0200]
URL: http://localhost:8000/api/events?lang=nl
Method: GET
Status: 200
Error: Error
Message: Het ophalen van evenementen is mislukt.
-----------------------------

[08-Apr-2026:14:27:42 +0200]
URL: http://localhost:8000/api/events?lang=nl
Method: GET
Status: 200
Error: Error
Message: Het ophalen van evenementen is mislukt.
-----------------------------

[08-Apr-2026:14:28:53 +0200]
URL: http://localhost:8000/api/events?lang=nl
Method: GET
Status: 200
Error: Error
Message: Het ophalen van evenementen is mislukt.
-----------------------------

[08-Apr-2026:14:28:53 +0200]
URL: http://localhost:8000/api/events?lang=nl
Method: GET
Status: 200
Error: Error
Message: Het ophalen van evenementen is mislukt.
-----------------------------

[08-Apr-2026:14:29:26 +0200]
URL: http://localhost:8000/api/events
Method: GET
Status: 200
Error: Error
Message: Failed to fetch events
-----------------------------

[08-Apr-2026:14:29:37 +0200]
URL: http://localhost:8000/api/events
Method: GET
Status: 200
Error: Error
Message: Failed to fetch events
-----------------------------

[08-Apr-2026:14:30:04 +0200]
URL: http://localhost:8000/api/events
Method: GET
Status: 200
Error: Error
Message: Failed to fetch events
-----------------------------

[08-Apr-2026:14:30:05 +0200]
URL: http://localhost:8000/api/events
Method: GET
Status: 200
Error: Error
Message: Failed to fetch events
-----------------------------

[08-Apr-2026:14:30:30 +0200]
URL: http://localhost:8000/api/events
Method: GET
Status: 200
Error: Error
Message: Failed to fetch events
-----------------------------

[08-Apr-2026:14:32:05 +0200]
URL: http://localhost:8000/api/events?lang=nl
Method: GET
Status: 200
Error: Error
Message: Het ophalen van evenementen is mislukt.
-----------------------------

[08-Apr-2026:14:32:05 +0200]
URL: http://localhost:8000/api/events?lang=nl
Method: GET
Status: 200
Error: Error
Message: Het ophalen van evenementen is mislukt.
-----------------------------

[08-Apr-2026:14:32:09 +0200]
URL: http://localhost:8000/api/events
Method: GET
Status: 200
Error: Error
Message: Failed to fetch events
-----------------------------

[08-Apr-2026:14:32:18 +0200]
URL: http://localhost:8000/api/events
Method: GET
Status: 200
Error: Error
Message: Failed to fetch events
-----------------------------

[08-Apr-2026:14:32:22 +0200]
URL: http://localhost:8000/api/events
Method: GET
Status: 200
Error: Error
Message: Failed to fetch events
-----------------------------

[08-Apr-2026:14:34:39 +0200]
URL: http://localhost:8000/api/events?lang=nl
Method: GET
Status: 200
Error: Error
Message: Het ophalen van evenementen is mislukt.
-----------------------------

[08-Apr-2026:14:36:46 +0200]
URL: http://localhost:8000/api/events?lang=nl
Method: GET
Status: 200
Error: Error
Message: Het ophalen van evenementen is mislukt.
-----------------------------

[08-Apr-2026:14:36:46 +0200]
URL: http://localhost:8000/api/events?lang=nl
Method: GET
Status: 200
Error: Error
Message: Het ophalen van evenementen is mislukt.
-----------------------------

[08-Apr-2026:14:37:22 +0200]
URL: http://localhost:8000/api/events?lang=nl
Method: GET
Status: 200
Error: Error
Message: Het ophalen van evenementen is mislukt.
-----------------------------

[08-Apr-2026:14:37:22 +0200]
URL: http://localhost:8000/api/events?lang=nl
Method: GET
Status: 200
Error: Error
Message: Het ophalen van evenementen is mislukt.
-----------------------------

[08-Apr-2026:14:38:02 +0200]
URL: http://localhost:8000/api/events?lang=nl
Method: GET
Status: 200
Error: Error
Message: Het ophalen van evenementen is mislukt.
-----------------------------

[08-Apr-2026:14:38:02 +0200]
URL: http://localhost:8000/api/events?lang=nl
Method: GET
Status: 200
Error: Error
Message: Het ophalen van evenementen is mislukt.
-----------------------------

[08-Apr-2026:14:38:39 +0200]
URL: http://localhost:8000/api/events?lang=nl
Method: GET
Status: 200
Error: Error
Message: Het ophalen van evenementen is mislukt.
-----------------------------

[08-Apr-2026:14:38:39 +0200]
URL: http://localhost:8000/api/events?lang=nl
Method: GET
Status: 200
Error: Error
Message: Het ophalen van evenementen is mislukt.
-----------------------------
